# JRE version: OpenJDK Runtime Environment (11.0.15) (build 11.0.15+0-b2043.56-9505619)
# Java VM: OpenJDK 64-Bit Server VM (11.0.15+0-b2043.56-9505619, mixed mode, tiered, compressed oops, g1 gc, windows-amd64)
Heap:
 garbage-first heap   total 379904K, used 154542K [0x0000000702000000, 0x0000000800000000)
  region size 1024K, 29 young (29696K), 16 survivors (16384K)
 Metaspace       used 81447K, capacity 82511K, committed 82772K, reserved 1124352K
  class space    used 8669K, capacity 9070K, committed 9088K, reserved 1048576K
GC Heap History (20 events):
Event: 2.163 GC heap before
{Heap before GC invocations=3 (full 0):
 garbage-first heap   total 260096K, used 67220K [0x0000000702000000, 0x0000000800000000)
  region size 1024K, 58 young (59392K), 7 survivors (7168K)
 Metaspace       used 31767K, capacity 32203K, committed 32304K, reserved 1077248K
  class space    used 3784K, capacity 3965K, committed 3968K, reserved 1048576K
}
Event: 2.175 GC heap after
{Heap after GC invocations=4 (full 0):
 garbage-first heap   total 260096K, used 21754K [0x0000000702000000, 0x0000000800000000)
  region size 1024K, 8 young (8192K), 8 survivors (8192K)
 Metaspace       used 31767K, capacity 32203K, committed 32304K, reserved 1077248K
  class space    used 3784K, capacity 3965K, committed 3968K, reserved 1048576K
}
Event: 2.472 GC heap before
{Heap before GC invocations=4 (full 0):
 garbage-first heap   total 260096K, used 35066K [0x0000000702000000, 0x0000000800000000)
  region size 1024K, 22 young (22528K), 8 survivors (8192K)
 Metaspace       used 35324K, capacity 35732K, committed 35920K, reserved 1081344K
  class space    used 4374K, capacity 4543K, committed 4608K, reserved 1048576K
}
Event: 2.486 GC heap after
{Heap after GC invocations=5 (full 0):
 garbage-first heap   total 260096K, used 24283K [0x0000000702000000, 0x0000000800000000)
  region size 1024K, 3 young (3072K), 3 survivors (3072K)
 Metaspace       used 35324K, capacity 35732K, committed 35920K, reserved 1081344K
  class space    used 4374K, capacity 4543K, committed 4608K, reserved 1048576K
}
Event: 3.784 GC heap before
{Heap before GC invocations=6 (full 0):
 garbage-first heap   total 260096K, used 89819K [0x0000000702000000, 0x0000000800000000)
  region size 1024K, 67 young (68608K), 3 survivors (3072K)
 Metaspace       used 47396K, capacity 47941K, committed 48208K, reserved 1091584K
  class space    used 5576K, capacity 5792K, committed 5888K, reserved 1048576K
}
Event: 3.793 GC heap after
{Heap after GC invocations=7 (full 0):
 garbage-first heap   total 260096K, used 28884K [0x0000000702000000, 0x0000000800000000)
  region size 1024K, 9 young (9216K), 9 survivors (9216K)
 Metaspace       used 47396K, capacity 47941K, committed 48208K, reserved 1091584K
  class space    used 5576K, capacity 5792K, committed 5888K, reserved 1048576K
}
Event: 6.548 GC heap before
{Heap before GC invocations=7 (full 0):
 garbage-first heap   total 260096K, used 172244K [0x0000000702000000, 0x0000000800000000)
  region size 1024K, 146 young (149504K), 9 survivors (9216K)
 Metaspace       used 58866K, capacity 59536K, committed 59600K, reserved 1101824K
  class space    used 6704K, capacity 6977K, committed 7040K, reserved 1048576K
}
Event: 6.572 GC heap after
{Heap after GC invocations=8 (full 0):
 garbage-first heap   total 312320K, used 48560K [0x0000000702000000, 0x0000000800000000)
  region size 1024K, 19 young (19456K), 19 survivors (19456K)
 Metaspace       used 58866K, capacity 59536K, committed 59600K, reserved 1101824K
  class space    used 6704K, capacity 6977K, committed 7040K, reserved 1048576K
}
Event: 6.732 GC heap before
{Heap before GC invocations=8 (full 0):
 garbage-first heap   total 312320K, used 57776K [0x0000000702000000, 0x0000000800000000)
  region size 1024K, 29 young (29696K), 19 survivors (19456K)
 Metaspace       used 59424K, capacity 60069K, committed 60240K, reserved 1101824K
  class space    used 6760K, capacity 7047K, committed 7168K, reserved 1048576K
}
Event: 6.782 GC heap after
{Heap after GC invocations=9 (full 0):
 garbage-first heap   total 312320K, used 51646K [0x0000000702000000, 0x0000000800000000)
  region size 1024K, 3 young (3072K), 3 survivors (3072K)
 Metaspace       used 59424K, capacity 60069K, committed 60240K, reserved 1101824K
  class space    used 6760K, capacity 7047K, committed 7168K, reserved 1048576K
}
Event: 10.320 GC heap before
{Heap before GC invocations=10 (full 0):
 garbage-first heap   total 312320K, used 147902K [0x0000000702000000, 0x0000000800000000)
  region size 1024K, 97 young (99328K), 3 survivors (3072K)
 Metaspace       used 67466K, capacity 68330K, committed 68564K, reserved 1110016K
  class space    used 7515K, capacity 7869K, committed 7936K, reserved 1048576K
}
Event: 10.331 GC heap after
{Heap after GC invocations=11 (full 0):
 garbage-first heap   total 312320K, used 61694K [0x0000000702000000, 0x0000000800000000)
  region size 1024K, 13 young (13312K), 13 survivors (13312K)
 Metaspace       used 67466K, capacity 68330K, committed 68564K, reserved 1110016K
  class space    used 7515K, capacity 7869K, committed 7936K, reserved 1048576K
}
Event: 13.619 GC heap before
{Heap before GC invocations=11 (full 0):
 garbage-first heap   total 312320K, used 171262K [0x0000000702000000, 0x0000000800000000)
  region size 1024K, 118 young (120832K), 13 survivors (13312K)
 Metaspace       used 69130K, capacity 70044K, committed 70228K, reserved 1112064K
  class space    used 7568K, capacity 7942K, committed 8064K, reserved 1048576K
}
Event: 13.639 GC heap after
{Heap after GC invocations=12 (full 0):
 garbage-first heap   total 312320K, used 73728K [0x0000000702000000, 0x0000000800000000)
  region size 1024K, 10 young (10240K), 10 survivors (10240K)
 Metaspace       used 69130K, capacity 70044K, committed 70228K, reserved 1112064K
  class space    used 7568K, capacity 7942K, committed 8064K, reserved 1048576K
}
Event: 16.446 GC heap before
{Heap before GC invocations=12 (full 0):
 garbage-first heap   total 312320K, used 186368K [0x0000000702000000, 0x0000000800000000)
  region size 1024K, 120 young (122880K), 10 survivors (10240K)
 Metaspace       used 78357K, capacity 79370K, committed 79444K, reserved 1120256K
  class space    used 8403K, capacity 8794K, committed 8832K, reserved 1048576K
}
Event: 16.464 GC heap after
{Heap after GC invocations=13 (full 0):
 garbage-first heap   total 312320K, used 85042K [0x0000000702000000, 0x0000000800000000)
  region size 1024K, 12 young (12288K), 12 survivors (12288K)
 Metaspace       used 78357K, capacity 79370K, committed 79444K, reserved 1120256K
  class space    used 8403K, capacity 8794K, committed 8832K, reserved 1048576K
}
Event: 17.528 GC heap before
{Heap before GC invocations=13 (full 0):
 garbage-first heap   total 312320K, used 199730K [0x0000000702000000, 0x0000000800000000)
  region size 1024K, 124 young (126976K), 12 survivors (12288K)
 Metaspace       used 79988K, capacity 80989K, committed 81236K, reserved 1122304K
  class space    used 8568K, capacity 8969K, committed 9088K, reserved 1048576K
}
Event: 17.553 GC heap after
{Heap after GC invocations=14 (full 0):
 garbage-first heap   total 312320K, used 102151K [0x0000000702000000, 0x0000000800000000)
  region size 1024K, 16 young (16384K), 16 survivors (16384K)
 Metaspace       used 79988K, capacity 80989K, committed 81236K, reserved 1122304K
  class space    used 8568K, capacity 8969K, committed 9088K, reserved 1048576K
}
Event: 19.051 GC heap before
{Heap before GC invocations=14 (full 0):
 garbage-first heap   total 312320K, used 211719K [0x0000000702000000, 0x0000000800000000)
  region size 1024K, 123 young (125952K), 16 survivors (16384K)
 Metaspace       used 80958K, capacity 81916K, committed 82004K, reserved 1122304K
  class space    used 8623K, capacity 9020K, committed 9088K, reserved 1048576K
}
Event: 19.093 GC heap after
{Heap after GC invocations=15 (full 0):
 garbage-first heap   total 379904K, used 142254K [0x0000000702000000, 0x0000000800000000)
  region size 1024K, 16 young (16384K), 16 survivors (16384K)
 Metaspace       used 80958K, capacity 81916K, committed 82004K, reserved 1122304K
  class space    used 8623K, capacity 9020K, committed 9088K, reserved 1048576K
}

