# JRE version: OpenJDK Runtime Environment (11.0.15) (build 11.0.15+0-b2043.56-9505619)
# Java VM: OpenJDK 64-Bit Server VM (11.0.15+0-b2043.56-9505619, mixed mode, tiered, compressed oops, g1 gc, windows-amd64)
Heap:
 garbage-first heap   total 374784K, used 264865K [0x0000000702000000, 0x0000000800000000)
  region size 1024K, 182 young (186368K), 19 survivors (19456K)
 Metaspace       used 81386K, capacity 82428K, committed 82640K, reserved 1122304K
  class space    used 8655K, capacity 9084K, committed 9088K, reserved 1048576K
GC Heap History (20 events):
Event: 0.661 GC heap before
{Heap before GC invocations=0 (full 0):
 garbage-first heap   total 260096K, used 27648K [0x0000000702000000, 0x0000000800000000)
  region size 1024K, 24 young (24576K), 0 survivors (0K)
 Metaspace       used 12183K, capacity 12286K, committed 12416K, reserved 1060864K
  class space    used 1090K, capacity 1113K, committed 1152K, reserved 1048576K
}
Event: 0.664 GC heap after
{Heap after GC invocations=1 (full 0):
 garbage-first heap   total 260096K, used 6350K [0x0000000702000000, 0x0000000800000000)
  region size 1024K, 3 young (3072K), 3 survivors (3072K)
 Metaspace       used 12183K, capacity 12286K, committed 12416K, reserved 1060864K
  class space    used 1090K, capacity 1113K, committed 1152K, reserved 1048576K
}
Event: 1.363 GC heap before
{Heap before GC invocations=1 (full 0):
 garbage-first heap   total 260096K, used 45262K [0x0000000702000000, 0x0000000800000000)
  region size 1024K, 42 young (43008K), 3 survivors (3072K)
 Metaspace       used 20880K, capacity 21115K, committed 21296K, reserved 1069056K
  class space    used 2199K, capacity 2342K, committed 2432K, reserved 1048576K
}
Event: 1.375 GC heap after
{Heap after GC invocations=2 (full 0):
 garbage-first heap   total 260096K, used 9992K [0x0000000702000000, 0x0000000800000000)
  region size 1024K, 7 young (7168K), 7 survivors (7168K)
 Metaspace       used 20880K, capacity 21115K, committed 21296K, reserved 1069056K
  class space    used 2199K, capacity 2342K, committed 2432K, reserved 1048576K
}
Event: 2.508 GC heap before
{Heap before GC invocations=3 (full 0):
 garbage-first heap   total 260096K, used 67336K [0x0000000702000000, 0x0000000800000000)
  region size 1024K, 58 young (59392K), 7 survivors (7168K)
 Metaspace       used 31835K, capacity 32267K, committed 32560K, reserved 1077248K
  class space    used 3785K, capacity 3965K, committed 3968K, reserved 1048576K
}
Event: 2.522 GC heap after
{Heap after GC invocations=4 (full 0):
 garbage-first heap   total 260096K, used 21717K [0x0000000702000000, 0x0000000800000000)
  region size 1024K, 8 young (8192K), 8 survivors (8192K)
 Metaspace       used 31835K, capacity 32267K, committed 32560K, reserved 1077248K
  class space    used 3785K, capacity 3965K, committed 3968K, reserved 1048576K
}
Event: 2.856 GC heap before
{Heap before GC invocations=4 (full 0):
 garbage-first heap   total 260096K, used 34005K [0x0000000702000000, 0x0000000800000000)
  region size 1024K, 22 young (22528K), 8 survivors (8192K)
 Metaspace       used 35287K, capacity 35732K, committed 35920K, reserved 1081344K
  class space    used 4365K, capacity 4543K, committed 4608K, reserved 1048576K
}
Event: 2.871 GC heap after
{Heap after GC invocations=5 (full 0):
 garbage-first heap   total 260096K, used 23919K [0x0000000702000000, 0x0000000800000000)
  region size 1024K, 2 young (2048K), 2 survivors (2048K)
 Metaspace       used 35287K, capacity 35732K, committed 35920K, reserved 1081344K
  class space    used 4365K, capacity 4543K, committed 4608K, reserved 1048576K
}
Event: 3.957 GC heap before
{Heap before GC invocations=6 (full 0):
 garbage-first heap   total 260096K, used 87407K [0x0000000702000000, 0x0000000800000000)
  region size 1024K, 64 young (65536K), 2 survivors (2048K)
 Metaspace       used 47191K, capacity 47644K, committed 47824K, reserved 1091584K
  class space    used 5554K, capacity 5757K, committed 5760K, reserved 1048576K
}
Event: 3.965 GC heap after
{Heap after GC invocations=7 (full 0):
 garbage-first heap   total 260096K, used 29098K [0x0000000702000000, 0x0000000800000000)
  region size 1024K, 8 young (8192K), 8 survivors (8192K)
 Metaspace       used 47191K, capacity 47644K, committed 47824K, reserved 1091584K
  class space    used 5554K, capacity 5757K, committed 5760K, reserved 1048576K
}
Event: 5.413 GC heap before
{Heap before GC invocations=7 (full 0):
 garbage-first heap   total 260096K, used 120234K [0x0000000702000000, 0x0000000800000000)
  region size 1024K, 94 young (96256K), 8 survivors (8192K)
 Metaspace       used 56989K, capacity 57698K, committed 57936K, reserved 1099776K
  class space    used 6632K, capacity 6897K, committed 6912K, reserved 1048576K
}
Event: 5.429 GC heap after
{Heap after GC invocations=8 (full 0):
 garbage-first heap   total 312320K, used 40891K [0x0000000702000000, 0x0000000800000000)
  region size 1024K, 10 young (10240K), 10 survivors (10240K)
 Metaspace       used 56989K, capacity 57698K, committed 57936K, reserved 1099776K
  class space    used 6632K, capacity 6897K, committed 6912K, reserved 1048576K
}
Event: 6.689 GC heap before
{Heap before GC invocations=8 (full 0):
 garbage-first heap   total 312320K, used 103355K [0x0000000702000000, 0x0000000800000000)
  region size 1024K, 72 young (73728K), 10 survivors (10240K)
 Metaspace       used 59384K, capacity 60061K, committed 60240K, reserved 1101824K
  class space    used 6758K, capacity 7045K, committed 7168K, reserved 1048576K
}
Event: 6.702 GC heap after
{Heap after GC invocations=9 (full 0):
 garbage-first heap   total 312320K, used 51360K [0x0000000702000000, 0x0000000800000000)
  region size 1024K, 11 young (11264K), 11 survivors (11264K)
 Metaspace       used 59384K, capacity 60061K, committed 60240K, reserved 1101824K
  class space    used 6758K, capacity 7045K, committed 7168K, reserved 1048576K
}
Event: 9.877 GC heap before
{Heap before GC invocations=10 (full 0):
 garbage-first heap   total 312320K, used 168096K [0x0000000702000000, 0x0000000800000000)
  region size 1024K, 125 young (128000K), 11 survivors (11264K)
 Metaspace       used 67806K, capacity 68685K, committed 68944K, reserved 1110016K
  class space    used 7526K, capacity 7902K, committed 7936K, reserved 1048576K
}
Event: 9.896 GC heap after
{Heap after GC invocations=11 (full 0):
 garbage-first heap   total 312320K, used 65160K [0x0000000702000000, 0x0000000800000000)
  region size 1024K, 14 young (14336K), 14 survivors (14336K)
 Metaspace       used 67806K, capacity 68685K, committed 68944K, reserved 1110016K
  class space    used 7526K, capacity 7902K, committed 7936K, reserved 1048576K
}
Event: 13.852 GC heap before
{Heap before GC invocations=11 (full 0):
 garbage-first heap   total 312320K, used 204424K [0x0000000702000000, 0x0000000800000000)
  region size 1024K, 148 young (151552K), 14 survivors (14336K)
 Metaspace       used 70557K, capacity 71505K, committed 71632K, reserved 1114112K
  class space    used 7674K, capacity 8043K, committed 8064K, reserved 1048576K
}
Event: 13.872 GC heap after
{Heap after GC invocations=12 (full 0):
 garbage-first heap   total 312320K, used 79189K [0x0000000702000000, 0x0000000800000000)
  region size 1024K, 13 young (13312K), 13 survivors (13312K)
 Metaspace       used 70557K, capacity 71505K, committed 71632K, reserved 1114112K
  class space    used 7674K, capacity 8043K, committed 8064K, reserved 1048576K
}
Event: 16.285 GC heap before
{Heap before GC invocations=12 (full 0):
 garbage-first heap   total 312320K, used 218453K [0x0000000702000000, 0x0000000800000000)
  region size 1024K, 149 young (152576K), 13 survivors (13312K)
 Metaspace       used 79874K, capacity 80883K, committed 80976K, reserved 1122304K
  class space    used 8557K, capacity 8954K, committed 8960K, reserved 1048576K
}
Event: 16.312 GC heap after
{Heap after GC invocations=13 (full 0):
 garbage-first heap   total 374784K, used 98977K [0x0000000702000000, 0x0000000800000000)
  region size 1024K, 19 young (19456K), 19 survivors (19456K)
 Metaspace       used 79874K, capacity 80883K, committed 80976K, reserved 1122304K
  class space    used 8557K, capacity 8954K, committed 8960K, reserved 1048576K
}

